2025-01-16 21:46:14 info: Incoming request POST /dishes/ - Request ID: 10e314ce-35eb-4fff-9fd6-2593fa924f2c
2025-01-16 21:47:08 info: Incoming request POST /dishes - Request ID: 07317654-f698-4417-83ff-05f1b7724caf
2025-01-16 21:49:32 info: Incoming request POST /dishes - Request ID: 537ff8f1-f985-4505-a1f7-5d446f726a1f
2025-01-16 21:51:43 info: Incoming request POST /dishes - Request ID: 46973caa-45a6-46bf-86f6-5d9d60b4591e
2025-01-16 21:52:48 info: Incoming request POST /dishes - Request ID: 9183024e-9caf-4565-8dcf-a2beed229438
2025-01-16 21:56:21 info: Incoming request POST /dishes - Request ID: 5aea268c-bc6b-468a-a1d2-4ca4a6cf8252
2025-01-16 21:57:04 info: Incoming request POST /dishes - Request ID: d0706ef1-1c28-4eed-a30d-e131745630e6
2025-01-16 21:58:10 info: Incoming request POST /dishes - Request ID: eabf9660-b8a6-4436-9286-6be3ba514695
2025-01-16 21:58:38 info: Incoming request POST /dishes - Request ID: 925975df-28e4-4bcc-b808-91e7fccd4105
2025-01-16 21:58:55 info: Incoming request POST /dishes - Request ID: e07f8349-515d-4b28-9a39-34c21703aec6
2025-01-16 21:59:49 info: Incoming request POST /dishes - Request ID: 07aa3397-824f-48a0-826d-b826d58dd029
2025-01-16 22:00:23 info: Incoming request POST /dishes - Request ID: 7bb752b1-ef93-4fe6-8007-e456385b320d
2025-01-16 22:01:09 info: Incoming request POST /dishes - Request ID: 16133e50-5322-4f56-bf90-4096fdfc5e74
2025-01-16 22:04:59 info: Incoming request POST /dishes - Request ID: e6eaf437-f44a-4769-a846-68a6b04e4806
2025-01-16 22:05:01 info: Incoming request POST /dishes - Request ID: d4e21842-a510-461a-bb1b-0bcdac3c963f
2025-01-16 22:06:11 info: Incoming request POST /dishes - Request ID: d857ec6a-9b78-43c2-a729-08f0b3479827
2025-01-16 22:07:21 info: Incoming request POST /dishes - Request ID: af3c6e41-5577-49b2-85ed-9ae2c3ee1af8
2025-01-16 22:07:42 info: Incoming request POST /dishes - Request ID: c883c4f5-3b28-444b-b4c4-3ec04f691b2f
2025-01-16 22:08:17 info: Incoming request POST /dishes - Request ID: 4f575b5e-a923-4269-ac3d-d56daca29047
2025-01-16 22:08:30 info: Incoming request POST /dishes - Request ID: 926908ff-bef0-49f5-90c9-2fe7ce9db82a
2025-01-16 22:08:36 info: Incoming request POST /dishes - Request ID: 8a4d65aa-807b-437f-9f5b-c3a36019c4e9
2025-01-16 22:08:59 info: Incoming request POST /dishes - Request ID: a8a32178-5570-4083-91e0-03acff1bcc52
2025-01-16 22:10:29 info: Incoming request POST /dishes - Request ID: ea7faa4a-8f86-431f-a56b-6eaf2e270170
2025-01-16 22:10:59 info: Incoming request POST /dishes - Request ID: 0d61ac62-974f-4adc-9800-bb782a15140b
2025-01-16 22:35:24 info: Incoming request POST /dishes - Request ID: 33ba82ce-eb50-4657-a0a9-2bb8e95d12a1
2025-01-16 22:35:47 info: Incoming request POST /dishes - Request ID: edca53f2-450a-4c53-817b-1a810c8a0d12
2025-01-16 22:41:37 info: Incoming request POST /dishes - Request ID: 4c07dce2-7459-42b1-8267-1f5ae8f23168
2025-01-16 22:43:50 info: Incoming request POST /dishes - Request ID: 0b229da5-cbdd-4a3b-ae87-8daf8a0c54ba
2025-01-16 22:44:20 info: Incoming request POST /dishes - Request ID: 9c316ef4-6338-4554-818f-37f8bce1039d
2025-01-16 22:44:48 info: Incoming request POST /dishes - Request ID: f0141767-5b51-4f96-848e-b7f5438ed10a
2025-01-16 22:45:31 info: Incoming request POST /dishes - Request ID: 7a971928-7ed9-43c5-bc9e-9bb4156498fb
2025-01-16 22:46:15 info: Incoming request POST /dishes - Request ID: ac153acb-3f63-4173-b805-1185715cdf15
2025-01-16 22:47:37 info: Incoming request POST /dishes - Request ID: ec79390d-9053-4c05-8320-7587fd53a825
2025-01-16 22:48:21 info: Incoming request POST /dishes - Request ID: 78ded8d8-c837-4d2f-a3b4-94451ba6fb5f
2025-01-16 22:48:49 info: Incoming request POST /dishes - Request ID: 3d7dd241-3038-41f4-8544-7e1dfb983ff0
2025-01-16 22:50:06 info: Incoming request POST /dishes - Request ID: 830198bc-6744-4fd6-bf34-6f5f13111483
2025-01-16 22:51:11 info: Incoming request POST /dishes - Request ID: df14c801-7cde-4927-994d-297fb90e513f
2025-01-16 22:52:11 info: Incoming request POST /dishes - Request ID: ffeae9a1-ec97-4eb0-a44d-5aec8138b4ee
2025-01-16 22:52:31 info: Incoming request POST /dishes - Request ID: 09b68010-2fe7-44c6-b5e3-835591a6cf47
2025-01-16 22:54:16 info: Incoming request POST /dishes - Request ID: 73267569-5c73-4430-941a-27c2a1847340
2025-01-16 22:55:28 info: Incoming request POST /dishes - Request ID: 7e6c998e-9f90-4c0b-8f86-b7c6a15f6447
2025-01-16 22:57:37 info: Incoming request POST /dishes - Request ID: d54d08c1-8cb6-4367-bd23-18d5d160acf4
2025-02-01 16:33:36 info: Incoming request GET /dishes/restaurant/6797d040128d21de27d958bb - Request ID: 49498d79-b579-493a-903f-3e17962d57bc
2025-02-01 16:33:36 info: Incoming request GET /dishes/restaurant/6797d040128d21de27d958bb - Request ID: 639367b4-7b70-4c4d-a9e7-2889917950eb
2025-02-01 16:33:37 info: Incoming request GET /dishes/restaurant/6797d040128d21de27d958bb - Request ID: 3548a46c-1471-409e-8f8b-b284e4195533
2025-02-01 16:33:38 info: Incoming request GET /dishes/restaurant/6797d040128d21de27d958bb - Request ID: 247db965-c46a-47ed-bb22-f6449a4aa1b3
2025-02-01 16:33:38 info: Incoming request GET /dishes/restaurant/6797d040128d21de27d958bb - Request ID: 5e30a88f-8793-4de5-bfe6-662067b3a7fe
2025-02-01 16:33:39 info: Incoming request GET /dishes/restaurant/6797d040128d21de27d958bb - Request ID: 3474ec40-3a40-4091-8ad6-bd50d6fb4170
2025-02-01 16:33:40 info: Incoming request GET /dishes/restaurant/6797d040128d21de27d958bb - Request ID: f747b56a-7d30-4d52-9d02-2229a0503899
2025-02-01 16:33:41 info: Incoming request GET /dishes/restaurant/6797d040128d21de27d958bb - Request ID: bca81e32-a0f0-4e55-b3cd-f5119e3b4633
2025-02-01 16:33:42 info: Incoming request GET /dishes/restaurant/6797d040128d21de27d958bb - Request ID: 8aac9011-5f5e-4080-9edd-943c08704a53
2025-02-01 16:33:43 info: Incoming request GET /dishes/restaurant/6797d040128d21de27d958bb - Request ID: 18439848-a9a9-48ce-be5b-55ab3158faab
2025-02-01 16:33:44 info: Incoming request GET /dishes/restaurant/6797d040128d21de27d958bb - Request ID: 511479a0-7ed9-4218-8fef-9e4be283aa45
2025-02-01 16:33:44 info: Incoming request GET /dishes/restaurant/6797d040128d21de27d958bb - Request ID: 0dd43e49-c393-4b89-9a81-5f66e7fa3b3d
2025-02-01 16:33:45 info: Incoming request GET /dishes/restaurant/6797d040128d21de27d958bb - Request ID: f039d7f7-7e00-4ce1-b16e-3f2af706302a
2025-02-01 16:33:46 info: Incoming request GET /dishes/restaurant/6797d040128d21de27d958bb - Request ID: 8977162d-0a84-482d-907c-f248f133b564
2025-02-01 16:33:47 info: Incoming request GET /dishes/restaurant/6797d040128d21de27d958bb - Request ID: 5c4be056-ef13-4f49-9a0b-a34d7077ab30
2025-02-01 16:33:48 info: Incoming request GET /dishes/restaurant/6797d040128d21de27d958bb - Request ID: 931f0500-2d1a-4e99-a45d-a51add0054a7
2025-02-01 16:33:49 info: Incoming request GET /dishes/restaurant/6797d040128d21de27d958bb - Request ID: 6c5e5ea5-6a1a-4afb-8fdd-6cb98f1ce257
2025-02-01 16:33:50 info: Incoming request GET /dishes/restaurant/6797d040128d21de27d958bb - Request ID: fe400df9-7631-4cde-ad53-1743a45e1eb9
2025-02-01 16:33:50 info: Incoming request GET /dishes/restaurant/6797d040128d21de27d958bb - Request ID: d78c2d1a-48b5-453c-b661-7f8287e03b4d
2025-02-01 16:33:51 info: Incoming request GET /dishes/restaurant/6797d040128d21de27d958bb - Request ID: 86114147-dbd9-40ff-878b-77703de77fda
2025-02-01 16:33:51 info: Incoming request GET /dishes/restaurant/6797d040128d21de27d958bb - Request ID: 4d52128b-5652-4753-8640-818a81d3bfc1
2025-02-01 16:33:52 info: Incoming request GET /dishes/restaurant/6797d040128d21de27d958bb - Request ID: a6fcb440-af5a-4071-bdd8-a70e4c1d938a
2025-02-01 16:33:52 info: Incoming request GET /dishes/restaurant/6797d040128d21de27d958bb - Request ID: ef8776bd-ddcb-439e-8823-1f766b04aca6
2025-02-01 16:33:53 info: Incoming request GET /dishes/restaurant/6797d040128d21de27d958bb - Request ID: 220c5888-9138-450c-a72a-034d92a1f48d
2025-02-01 16:33:54 info: Incoming request GET /dishes/restaurant/6797d040128d21de27d958bb - Request ID: 7e59b4b8-6bc2-49cc-98af-a57013d38340
2025-02-01 16:33:55 info: Incoming request GET /dishes/restaurant/6797d040128d21de27d958bb - Request ID: 4c27acfd-ade8-42a8-baf1-7991128e2a92
2025-02-01 16:33:55 info: Incoming request GET /dishes/restaurant/6797d040128d21de27d958bb - Request ID: 6604b999-3034-4102-a0ee-1c8fff999380
2025-02-01 16:33:56 info: Incoming request GET /dishes/restaurant/6797d040128d21de27d958bb - Request ID: 6c5c15ea-ba0a-4b5c-8103-20adf8fac890
2025-02-01 16:33:57 info: Incoming request GET /dishes/restaurant/6797d040128d21de27d958bb - Request ID: 2e5036bf-824e-4f36-958e-5dc8fc0e1b65
2025-02-01 16:33:58 info: Incoming request GET /dishes/restaurant/6797d040128d21de27d958bb - Request ID: af487b95-8665-4b4c-8cf0-13dca35fce36
2025-02-01 16:33:58 info: Incoming request GET /dishes/restaurant/6797d040128d21de27d958bb - Request ID: ff766128-1882-4581-bd9f-f67a11255770
2025-02-01 16:33:59 info: Incoming request GET /dishes/restaurant/6797d040128d21de27d958bb - Request ID: e32a468e-66b9-47f5-a630-db0490da6c3d
2025-02-01 16:34:03 info: Incoming request GET /dishes/restaurant/6797d040128d21de27d958bb - Request ID: bbab86b7-f0dc-4662-9a50-3c48b295a18f
2025-02-01 16:34:03 info: Incoming request GET /dishes/restaurant/6797d040128d21de27d958bb - Request ID: 34775cb0-69cc-424c-97a4-c1a997c0bb3a
2025-02-01 16:34:04 info: Incoming request GET /dishes/restaurant/6797d040128d21de27d958bb - Request ID: a19230b6-c714-4354-859f-c7c8bb35afc0
2025-02-01 16:34:05 info: Incoming request GET /dishes/restaurant/6797d040128d21de27d958bb - Request ID: f75fdf90-9a1c-40be-811b-878fcf4d1f80
2025-02-01 16:34:06 info: Incoming request GET /dishes/restaurant/6797d040128d21de27d958bb - Request ID: d1b5ef3c-f706-4a23-9a64-c7b45356b2f7
2025-02-01 16:34:07 info: Incoming request GET /dishes/restaurant/6797d040128d21de27d958bb - Request ID: ee4467d8-4d8c-4268-b7d4-513e66b0fffa
2025-02-01 16:34:07 info: Incoming request GET /dishes/restaurant/6797d040128d21de27d958bb - Request ID: 63a78112-cd8f-4bf6-91ec-075527e29bbb
2025-02-01 16:34:08 info: Incoming request GET /dishes/restaurant/6797d040128d21de27d958bb - Request ID: 7042efca-7756-448c-9ce6-874db267df11
2025-02-01 16:34:09 info: Incoming request GET /dishes/restaurant/6797d040128d21de27d958bb - Request ID: 131830b2-c9c2-4ea1-a7e8-500c8700fe54
2025-02-01 16:34:10 info: Incoming request GET /dishes/restaurant/6797d040128d21de27d958bb - Request ID: 2fc1a688-2cda-441b-a0f5-9afeb36a834b
2025-02-01 16:34:10 info: Incoming request GET /dishes/restaurant/6797d040128d21de27d958bb - Request ID: a861f64c-eedc-4638-80be-b2fdcb5a30bf
2025-02-01 16:34:12 info: Incoming request GET /dishes/restaurant/6797d040128d21de27d958bb - Request ID: ced3be23-2de0-430a-bc3a-8706a6dc077c
2025-02-01 16:34:13 info: Incoming request GET /dishes/restaurant/6797d040128d21de27d958bb - Request ID: 72fb6229-5420-43ba-b800-6bbebb4be51f
2025-02-01 16:34:13 info: Incoming request GET /dishes/restaurant/6797d040128d21de27d958bb - Request ID: 452db2e3-54b1-455c-afcc-37a43794be14
2025-02-01 16:34:14 info: Incoming request GET /dishes/restaurant/6797d040128d21de27d958bb - Request ID: 078a2acd-4aea-4251-b856-f8f68d19fd08
2025-02-01 16:34:15 info: Incoming request GET /dishes/restaurant/6797d040128d21de27d958bb - Request ID: 30ca4209-53be-42e3-83cf-1f486bd8da46
2025-02-01 16:34:17 info: Incoming request GET /dishes/restaurant/6797d040128d21de27d958bb - Request ID: 45ca5acc-2de1-45a9-9415-f2a5405b8f88
2025-02-01 16:34:25 info: Incoming request GET /dishes/restaurant/6797d040128d21de27d958bb - Request ID: 9c6b37f9-5429-4bd1-bd8c-0d1a1d8d190f
2025-02-01 16:34:26 info: Incoming request GET /dishes/restaurant/6797d040128d21de27d958bb - Request ID: befa00c0-98fb-43ed-9c5f-ee2b02dad06c
2025-02-01 16:34:26 info: Incoming request GET /dishes/restaurant/6797d040128d21de27d958bb - Request ID: ef084e82-8e55-4b3a-96c0-c2ba15d82842
2025-02-01 16:34:27 info: Incoming request GET /dishes/restaurant/6797d040128d21de27d958bb - Request ID: 9041d07b-e684-47d2-a215-da0cab6a9432
2025-02-01 16:34:27 info: Incoming request GET /dishes/restaurant/6797d040128d21de27d958bb - Request ID: 42abeef9-5968-4ccd-a4b2-a1239079030d
2025-02-01 16:34:28 info: Incoming request GET /dishes/restaurant/6797d040128d21de27d958bb - Request ID: 5d4d5475-b4b3-4e18-8c62-f9dbce79c4c8
2025-02-01 16:34:28 info: Incoming request GET /dishes/restaurant/6797d040128d21de27d958bb - Request ID: 6eb640e6-8cf8-48bf-8fa1-624b290402ea
2025-02-01 16:34:29 info: Incoming request GET /dishes/restaurant/6797d040128d21de27d958bb - Request ID: 77fe4f79-7f0b-48b3-8325-849d7cdbd23a
2025-02-01 16:34:30 info: Incoming request GET /dishes/restaurant/6797d040128d21de27d958bb - Request ID: d2a677d5-ce50-4845-91b9-65e90e0fd29d
2025-02-01 16:34:31 info: Incoming request GET /dishes/restaurant/6797d040128d21de27d958bb - Request ID: c1de0085-e973-4660-9650-f4ba2e5647ad
2025-02-01 16:34:31 info: Incoming request GET /dishes/restaurant/6797d040128d21de27d958bb - Request ID: eb82969d-8e08-4a45-855a-22c2a516b3ca
2025-02-01 16:34:32 info: Incoming request GET /dishes/restaurant/6797d040128d21de27d958bb - Request ID: 36d9b7dd-209b-4008-a65f-bf2dd06be4ce
2025-02-01 16:34:33 info: Incoming request GET /dishes/restaurant/6797d040128d21de27d958bb - Request ID: f855806e-d09f-4f3e-a8c5-1fcc0f92e81f
2025-02-01 16:34:33 info: Incoming request GET /dishes/restaurant/6797d040128d21de27d958bb - Request ID: c6e2786f-cea5-43ce-a760-1ad6f31849a5
2025-02-01 16:34:34 info: Incoming request GET /dishes/restaurant/6797d040128d21de27d958bb - Request ID: 053497af-4821-4136-b2c5-43d729fc745c
2025-02-01 16:34:35 info: Incoming request GET /dishes/restaurant/6797d040128d21de27d958bb - Request ID: c3743430-7e5d-4a37-b1b9-b9de41d958f4
2025-02-01 16:34:35 info: Incoming request GET /dishes/restaurant/6797d040128d21de27d958bb - Request ID: 37f028b7-3273-4e1b-892e-9d449bd60513
2025-02-01 16:34:37 info: Incoming request GET /dishes/restaurant/6797d040128d21de27d958bb - Request ID: 531aa3de-c11a-4b5e-8cfc-94354374159f
2025-02-01 16:34:37 info: Incoming request GET /dishes/restaurant/6797d040128d21de27d958bb - Request ID: 01b278ad-8a5f-47b2-b661-bff5ac6ebc30
2025-02-01 16:34:38 info: Incoming request GET /dishes/restaurant/6797d040128d21de27d958bb - Request ID: 7d9ac89c-7511-4ec7-a207-021958c679c4
2025-02-01 16:34:39 info: Incoming request GET /dishes/restaurant/6797d040128d21de27d958bb - Request ID: de126f2a-fdd1-4332-8b7d-39b7d153df4f
2025-02-01 16:34:40 info: Incoming request GET /dishes/restaurant/6797d040128d21de27d958bb - Request ID: cd757631-dc80-400d-bebc-2ed520b995d2
2025-02-01 16:34:40 info: Incoming request GET /dishes/restaurant/6797d040128d21de27d958bb - Request ID: bf3d45d9-a4a8-416e-8715-07f0e00c3cdc
2025-02-01 16:34:41 info: Incoming request GET /dishes/restaurant/6797d040128d21de27d958bb - Request ID: ddc29242-1d3b-42c2-aaed-d07000b83c53
2025-02-01 16:34:41 info: Incoming request GET /dishes/restaurant/6797d040128d21de27d958bb - Request ID: 69ecb017-ed82-4ca4-a239-6f48b5aaf857
2025-02-01 16:34:42 info: Incoming request GET /dishes/restaurant/6797d040128d21de27d958bb - Request ID: 5586e28f-c594-4178-a876-8b9c2cb79dd1
2025-02-01 16:34:43 info: Incoming request GET /dishes/restaurant/6797d040128d21de27d958bb - Request ID: ba767752-69ac-4460-a01e-22e278ba972f
2025-02-01 16:34:44 info: Incoming request GET /dishes/restaurant/6797d040128d21de27d958bb - Request ID: daac7098-178b-4485-978d-ad93b0c1d582
2025-02-01 16:34:45 info: Incoming request GET /dishes/restaurant/6797d040128d21de27d958bb - Request ID: dbd35a83-e9ad-4206-b2ce-ba967b298152
2025-02-01 16:34:46 info: Incoming request GET /dishes/restaurant/6797d040128d21de27d958bb - Request ID: 14089bba-86b4-416f-8588-434cc8c4c5ab
2025-02-01 16:34:46 info: Incoming request GET /dishes/restaurant/6797d040128d21de27d958bb - Request ID: e4e4065f-3e16-43ba-b592-73867db5b81a
2025-02-01 16:34:47 info: Incoming request GET /dishes/restaurant/6797d040128d21de27d958bb - Request ID: 990f8142-91fb-4d1b-a7b1-266918eb4683
2025-02-01 16:34:48 info: Incoming request GET /dishes/restaurant/6797d040128d21de27d958bb - Request ID: 5247f694-85f4-486e-a78f-ba90dbe42f83
2025-02-01 16:34:49 info: Incoming request GET /dishes/restaurant/6797d040128d21de27d958bb - Request ID: c017381c-4c8b-49c4-963b-bf54ede566be
2025-02-01 16:34:49 info: Incoming request GET /dishes/restaurant/6797d040128d21de27d958bb - Request ID: c80b0953-bf63-4d10-8682-bda5bec11cf0
2025-02-01 16:34:50 info: Incoming request GET /dishes/restaurant/6797d040128d21de27d958bb - Request ID: f7570c91-f9e1-4bec-8dd2-7a92d568a882
2025-02-01 16:34:51 info: Incoming request GET /dishes/restaurant/6797d040128d21de27d958bb - Request ID: 9c7a9c7b-a708-4f00-baa5-c6331d9828d3
2025-02-01 16:34:51 info: Incoming request GET /dishes/restaurant/6797d040128d21de27d958bb - Request ID: bafa4222-63bc-4d02-879a-10d08b00f958
2025-02-01 16:34:52 info: Incoming request GET /dishes/restaurant/6797d040128d21de27d958bb - Request ID: 7253abb3-84f4-42f4-b863-9c2c4b978089
2025-02-01 16:34:53 info: Incoming request GET /dishes/restaurant/6797d040128d21de27d958bb - Request ID: 918f2447-6fcb-4958-b122-485462a7af1f
2025-02-01 16:34:53 info: Incoming request GET /dishes/restaurant/6797d040128d21de27d958bb - Request ID: 0b76d233-3c1e-480f-8f19-d101939d70a2
2025-02-01 16:34:54 info: Incoming request GET /dishes/restaurant/6797d040128d21de27d958bb - Request ID: c617cefa-229d-4b60-bb79-4d4df485272a
2025-02-01 16:34:55 info: Incoming request GET /dishes/restaurant/6797d040128d21de27d958bb - Request ID: ac3bd456-c9d0-467e-bb73-b41bd3d8acaf
2025-02-01 16:34:55 info: Incoming request GET /dishes/restaurant/6797d040128d21de27d958bb - Request ID: 5ef07c53-c172-4c80-a47f-ddad70afaf3b
2025-02-01 16:34:56 info: Incoming request GET /dishes/restaurant/6797d040128d21de27d958bb - Request ID: 9a9f41dc-631a-45cb-a42f-fb482c2a7b01
2025-02-01 16:34:57 info: Incoming request GET /dishes/restaurant/6797d040128d21de27d958bb - Request ID: cce47107-8c29-4cf6-aadf-fe2af8b7aaba
2025-02-01 16:34:59 info: Incoming request GET /dishes/restaurant/6797d040128d21de27d958bb - Request ID: b1500fa1-cc9c-466a-ac33-580e457dca18
2025-02-01 16:35:00 info: Incoming request GET /dishes/restaurant/6797d040128d21de27d958bb - Request ID: 2e712293-2ba0-496b-b5ce-73b1b13cab3c
2025-02-01 16:35:01 info: Incoming request GET /dishes/restaurant/6797d040128d21de27d958bb - Request ID: 774753dd-13bb-4086-a439-7d2ba8a52c71
2025-02-01 16:35:02 info: Incoming request GET /dishes/restaurant/6797d040128d21de27d958bb - Request ID: 9c223c96-c89a-4108-9d70-78dc2305ddb4
2025-02-01 16:35:03 info: Incoming request GET /dishes/restaurant/6797d040128d21de27d958bb - Request ID: 47f1ebf4-1582-46d6-aa73-d795bccc64e1
2025-02-01 16:35:03 info: Incoming request GET /dishes/restaurant/6797d040128d21de27d958bb - Request ID: fe4357ae-0685-4005-9b9e-600b353c4553
2025-02-01 16:35:04 info: Incoming request GET /dishes/restaurant/6797d040128d21de27d958bb - Request ID: 3a26c79d-6329-497b-b408-dcddec175e79
2025-02-01 16:35:05 info: Incoming request GET /dishes/restaurant/6797d040128d21de27d958bb - Request ID: ef1a3911-17a0-4c70-a9e2-49b1b2107406
2025-02-01 16:35:06 info: Incoming request GET /dishes/restaurant/6797d040128d21de27d958bb - Request ID: ac5e29c7-7cbe-4908-b477-ed15eceadd04
2025-02-01 16:35:07 info: Incoming request GET /dishes/restaurant/6797d040128d21de27d958bb - Request ID: e670e5ff-ff57-4baa-a04c-402dfa577e4b
2025-02-01 16:35:07 info: Incoming request GET /dishes/restaurant/6797d040128d21de27d958bb - Request ID: ac656093-0d3d-4a0e-b8a0-660658062432
2025-02-01 16:35:09 info: Incoming request GET /dishes/restaurant/6797d040128d21de27d958bb - Request ID: d8eed8fe-bd94-4dd7-908e-988e2861b908
2025-02-01 16:35:09 info: Incoming request GET /dishes/restaurant/6797d040128d21de27d958bb - Request ID: 2b54ff17-2b96-401c-bf35-2ed6b662c8c3
2025-02-01 16:35:10 info: Incoming request GET /dishes/restaurant/6797d040128d21de27d958bb - Request ID: 89f5ce7e-6ca9-4e0f-8202-e8f301512cb9
2025-02-01 16:35:11 info: Incoming request GET /dishes/restaurant/6797d040128d21de27d958bb - Request ID: a3359c88-af43-47d5-aa4b-30646bae9954
2025-02-01 16:35:12 info: Incoming request GET /dishes/restaurant/6797d040128d21de27d958bb - Request ID: 837d8429-fae4-450a-b089-e876755f74c7
2025-02-01 16:35:13 info: Incoming request GET /dishes/restaurant/6797d040128d21de27d958bb - Request ID: b2120e94-e849-4133-b4a2-675ca0fcfbf9
2025-02-01 16:35:13 info: Incoming request GET /dishes/restaurant/6797d040128d21de27d958bb - Request ID: 5b8fbeee-060f-41be-a470-1da5ece4fa7b
2025-02-01 16:35:14 info: Incoming request GET /dishes/restaurant/6797d040128d21de27d958bb - Request ID: 6ba838ec-e194-42c0-a59c-160e115d7762
2025-02-01 16:35:15 info: Incoming request GET /dishes/restaurant/6797d040128d21de27d958bb - Request ID: 26cdf29d-3fb2-4d0a-be08-280ec67ed623
2025-02-01 16:35:16 info: Incoming request GET /dishes/restaurant/6797d040128d21de27d958bb - Request ID: a214cfa0-fef9-4e6e-9a9c-e2abe28a2e35
2025-02-01 16:35:17 info: Incoming request GET /dishes/restaurant/6797d040128d21de27d958bb - Request ID: d183e5af-8a6f-4b2b-b446-e6d2040457d4
2025-02-01 16:35:17 info: Incoming request GET /dishes/restaurant/6797d040128d21de27d958bb - Request ID: a09b55b3-a178-4414-8cfd-e295d2d68b55
2025-02-01 16:35:18 info: Incoming request GET /dishes/restaurant/6797d040128d21de27d958bb - Request ID: e08b708d-83c4-46f1-9fc8-1b9ffe6d9383
2025-02-01 16:35:20 info: Incoming request GET /dishes/restaurant/6797d040128d21de27d958bb - Request ID: 9af33912-dfbd-464f-ab70-b6b760d4c30b
2025-02-01 16:35:20 info: Incoming request GET /dishes/restaurant/6797d040128d21de27d958bb - Request ID: aba22d3a-769b-4faa-a2fe-339a52d89aef
2025-02-01 16:35:21 info: Incoming request GET /dishes/restaurant/6797d040128d21de27d958bb - Request ID: 2bfd8e83-ab33-40cb-941a-e18c38c60a72
2025-02-01 16:35:23 info: Incoming request GET /dishes/restaurant/6797d040128d21de27d958bb - Request ID: 65d662a2-5fbd-4e0c-a679-0d3cae42c293
2025-02-01 16:35:24 info: Incoming request GET /dishes/restaurant/6797d040128d21de27d958bb - Request ID: 8e1085ef-a1c7-4257-9c64-3e8fe9607cc0
2025-02-01 16:35:24 info: Incoming request GET /dishes/restaurant/6797d040128d21de27d958bb - Request ID: 43d311b6-a928-4e28-9869-3f02b5ff95a7
2025-02-01 16:35:25 info: Incoming request GET /dishes/restaurant/6797d040128d21de27d958bb - Request ID: 3869c22f-590c-4413-a58a-78a4d1c518bb
2025-02-01 16:35:26 info: Incoming request GET /dishes/restaurant/6797d040128d21de27d958bb - Request ID: 7127fdcf-a69f-4cdc-a6f0-f3bafd0b04aa
2025-02-01 16:35:26 info: Incoming request GET /dishes/restaurant/6797d040128d21de27d958bb - Request ID: dd96aeea-c623-495c-81f1-b8208a43b5bd
2025-02-01 16:35:27 info: Incoming request GET /dishes/restaurant/6797d040128d21de27d958bb - Request ID: 2d7cbe00-57e7-4159-938f-a46823414f69
2025-02-01 16:35:28 info: Incoming request GET /dishes/restaurant/6797d040128d21de27d958bb - Request ID: 7453086f-5e6a-40a9-8481-ed8225046c79
2025-02-01 16:35:29 info: Incoming request GET /dishes/restaurant/6797d040128d21de27d958bb - Request ID: a0e69dcd-e660-467c-9865-95ab46b1801e
2025-02-01 16:35:30 info: Incoming request GET /dishes/restaurant/6797d040128d21de27d958bb - Request ID: 5ad5d3ec-2cce-403b-b02e-524aeb2e92c9
2025-02-01 16:35:31 info: Incoming request GET /dishes/restaurant/6797d040128d21de27d958bb - Request ID: 868bac59-2b69-42c7-a1ce-82e5030d51ce
2025-02-01 16:35:32 info: Incoming request GET /dishes/restaurant/6797d040128d21de27d958bb - Request ID: 51f90ff6-ad3b-432e-a53c-31af41f81f31
2025-02-01 16:35:32 info: Incoming request GET /dishes/restaurant/6797d040128d21de27d958bb - Request ID: 296c1ecb-be76-42fa-b865-1cf0a72f4182
2025-02-01 16:35:33 info: Incoming request GET /dishes/restaurant/6797d040128d21de27d958bb - Request ID: 1646f3c0-ee8d-458f-9b67-bff8f067f49f
2025-02-01 16:35:36 info: Incoming request GET /dishes/restaurant/6797d040128d21de27d958bb - Request ID: 92a97186-f9b0-4f35-9fa1-cc35d61b6a46
2025-02-01 16:35:36 info: Incoming request GET /dishes/restaurant/6797d040128d21de27d958bb - Request ID: 48cffdd5-0165-45de-96d5-646ed8cdcf83
2025-02-01 16:35:36 info: Incoming request GET /dishes/restaurant/6797d040128d21de27d958bb - Request ID: b3e7f3da-badb-4e6c-9ec7-d6f26db2108f
2025-02-01 16:49:46 info: Incoming request GET /dishes/restaurant/6797d040128d21de27d958bb - Request ID: eaa0f0a8-ca5e-4653-9424-37572c206723
2025-02-01 16:50:14 info: Incoming request GET /dishes/restaurant/6797d040128d21de27d958bb - Request ID: 54631a54-22b3-4fae-8eb2-e2121155a965
2025-02-01 16:50:36 info: Incoming request GET /dishes/restaurant/6797d040128d21de27d958bb - Request ID: f87df28d-45c1-4184-8c27-d403e927a705
2025-02-01 16:50:39 info: Incoming request GET /dishes/restaurant/6797d040128d21de27d958bb - Request ID: 21f11ca6-5865-4b78-8219-e88253ceb223
2025-02-01 16:50:44 info: Incoming request GET /dishes/restaurant/6797d040128d21de27d958bb - Request ID: 3455b9c0-a353-40d6-84c8-22814baa4af3
2025-02-01 16:50:44 info: Incoming request GET /dishes/restaurant/6797d040128d21de27d958bb - Request ID: 4a8f5413-7327-48e3-bcea-002f0a86b79c
2025-02-01 16:52:49 info: Incoming request GET /dishes/restaurant/6797d040128d21de27d958bb - Request ID: ec6da0df-5e57-42a4-98e1-389eccc5f200
2025-02-01 16:56:25 info: Incoming request GET /dishes/restaurant/6797d040128d21de27d958bb - Request ID: fe54ff07-bff0-4132-b293-08402775fb07
2025-02-01 17:26:44 info: Incoming request GET /dishes/restaurant/6797d040128d21de27d958bb - Request ID: 18a8c494-a388-404e-814f-200abab5e48d
2025-02-02 10:08:41 info: Incoming request GET /dishes/restaurant/6797d040128d21de27d958bb - Request ID: 10ef53ed-e81b-4695-996b-dc3cfb694cc8
2025-02-02 10:08:44 info: Incoming request GET /dishes/restaurant/6797d040128d21de27d958bb - Request ID: 22736573-9c70-4d17-9031-3bdba62349d1
2025-02-02 10:08:53 info: Incoming request GET /dishes/restaurant/6797d040128d21de27d958bb - Request ID: 43430aa3-13d5-43c5-9747-adba72e39935
2025-02-02 10:10:33 info: Incoming request GET /dishes/restaurant/6797d040128d21de27d958bb - Request ID: 24f873bd-ec8b-4773-8922-e8654ba4e5fe
2025-02-02 10:10:33 info: Incoming request GET /dishes/restaurant/6797d040128d21de27d958bb - Request ID: 12f3e2d5-c5bd-4c87-8825-5e0a73b034b1
2025-02-02 10:10:47 info: Incoming request GET /dishes/restaurant/6797d040128d21de27d958bb - Request ID: b538ee64-ff4b-49b7-8cc2-5163a4e1802a
2025-02-02 10:10:53 info: Incoming request GET /dishes/restaurant/6797d040128d21de27d958bb - Request ID: af7c1015-c9cc-4398-92ed-f2c9648ecf42
2025-02-02 10:11:01 info: Incoming request GET /dishes/restaurant/6797d040128d21de27d958bb - Request ID: 4ae3c23d-0b27-47e5-8dde-0ac8ae5d5f73
2025-02-02 10:16:45 info: Incoming request GET /dishes/restaurant/6787caa2eb0642b9ce4ddcc6 - Request ID: aad25cee-1945-4a55-b3de-b4bef9288d4a
2025-02-02 14:39:48 info: Incoming request GET /dishes/restaurant/6797d040128d21de27d958bb - Request ID: 434fd18e-4825-43d1-83a8-9b1e6fd556a5
2025-02-02 14:39:55 info: Incoming request GET /dishes/restaurant/6787caa2eb0642b9ce4ddcc6 - Request ID: ef859b37-e0e2-44d6-b76d-e14a0c00b8bd
2025-02-02 14:43:35 info: Incoming request GET /dishes/restaurant/6797d040128d21de27d958bb - Request ID: 9b1bf710-2e4d-4f0e-80c3-abd59ed3a34c
2025-02-02 14:43:35 info: Incoming request GET /dishes/restaurant/6797d040128d21de27d958bb - Request ID: 75e91b34-62bf-44c9-9069-a0c49a61c5e2
2025-02-02 14:43:36 info: Incoming request GET /dishes/restaurant/6797d040128d21de27d958bb - Request ID: 078c1a61-5a12-4597-a828-6081a7576b02
2025-02-02 14:43:37 info: Incoming request GET /dishes/restaurant/6797d040128d21de27d958bb - Request ID: be0a7f07-25c3-43ee-978e-a30202b4115c
2025-02-02 14:43:38 info: Incoming request GET /dishes/restaurant/6797d040128d21de27d958bb - Request ID: 93bc9b8d-61cb-42fd-9445-686da01c7bbc
2025-02-02 14:43:38 info: Incoming request GET /dishes/restaurant/6797d040128d21de27d958bb - Request ID: bee511a7-f4d2-4dd6-9e69-03ccf6b9a7ad
2025-02-02 14:43:39 info: Incoming request GET /dishes/restaurant/6797d040128d21de27d958bb - Request ID: 1e603925-166e-4ccd-bfe6-4d282b531d11
2025-02-02 14:43:40 info: Incoming request GET /dishes/restaurant/6797d040128d21de27d958bb - Request ID: c5314796-cb92-4940-8cb4-369c77f50023
2025-02-02 14:43:40 info: Incoming request GET /dishes/restaurant/6797d040128d21de27d958bb - Request ID: 7f21e763-99e8-460c-a1da-3524b32d2d3c
2025-02-02 14:43:41 info: Incoming request GET /dishes/restaurant/6797d040128d21de27d958bb - Request ID: 1ad94afb-f269-427a-8706-d0b11d0a6403
2025-02-02 14:43:42 info: Incoming request GET /dishes/restaurant/6797d040128d21de27d958bb - Request ID: 59d4ea77-89f4-407e-95bf-bb5a65953e5f
2025-02-02 14:43:46 info: Incoming request GET /dishes/restaurant/6797d040128d21de27d958bb - Request ID: 6eff1a3a-aa9d-4a3c-8dae-ad08bb879f2d
2025-02-02 14:43:46 info: Incoming request GET /dishes/restaurant/6797d040128d21de27d958bb - Request ID: 9320892f-624d-439a-9ed4-7cf07610bf88
2025-02-02 14:43:46 info: Incoming request GET /dishes/restaurant/6797d040128d21de27d958bb - Request ID: 60779666-c565-4d2a-b92b-cff870997428
2025-02-02 14:45:17 info: Incoming request GET /dishes/restaurant/6797d040128d21de27d958bb - Request ID: 9f49956b-22e1-40bf-a9db-0c03349c1125
2025-02-02 14:50:14 info: Incoming request GET /dishes/restaurant/6797d040128d21de27d958bb - Request ID: 88abd013-fc5b-48b6-9330-b31c925497ff
2025-02-02 14:50:18 info: Incoming request GET /dishes/restaurant/6797d040128d21de27d958bb - Request ID: ee04c03f-72c5-4340-8fb0-19b7aae3b3e5
2025-02-02 14:50:27 info: Incoming request GET /dishes/restaurant/6797d040128d21de27d958bb - Request ID: 2bd22daa-2533-481b-aa51-b567968ff3e4
2025-02-02 14:50:32 info: Incoming request GET /dishes/restaurant/6797d040128d21de27d958bb - Request ID: 57cfc762-e4a4-4590-998c-96e5095515bf
2025-02-02 14:52:08 info: Incoming request GET /dishes/restaurant/6797d040128d21de27d958bb - Request ID: 76cf1a50-9e6e-4b99-bb19-b556553175e5
2025-02-02 14:52:24 info: Incoming request GET /dishes/restaurant/6797d040128d21de27d958bb - Request ID: 76c8e979-46d5-44cc-b127-d8ec4b0e8465
2025-02-02 14:52:32 info: Incoming request GET /dishes/restaurant/6797d040128d21de27d958bb - Request ID: 328fdd44-b5b4-4656-9a86-fd20a2d6cb0d
2025-02-02 14:52:42 info: Incoming request GET /dishes/restaurant/6797d040128d21de27d958bb - Request ID: 8810b6b5-59c8-4acc-bb1f-1328f39fec5a
2025-02-02 14:53:14 info: Incoming request GET /dishes/restaurant/6797d040128d21de27d958bb - Request ID: 8dd28838-78a3-4596-b302-6ecb05b925b4
2025-02-02 14:53:38 info: Incoming request GET /dishes/restaurant/6797d040128d21de27d958bb - Request ID: be2284b0-c880-419f-a84c-200566c32488
2025-02-02 14:54:06 info: Incoming request GET /dishes/restaurant/6797d040128d21de27d958bb - Request ID: 2fcaea84-5196-4175-a1c0-f6852b9d4fa1
2025-02-02 14:54:48 info: Incoming request GET /dishes/restaurant/6797d040128d21de27d958bb - Request ID: ac7b4969-84db-404e-8ebd-cad16b393173
2025-02-02 14:54:56 info: Incoming request GET /dishes/restaurant/6797d040128d21de27d958bb - Request ID: 7026375f-a942-431b-8606-737300cfccca
2025-02-02 14:55:31 info: Incoming request GET /dishes/restaurant/6797d040128d21de27d958bb - Request ID: 154cdfe3-e823-488c-b7a5-f0166d1bd5ed
2025-02-02 14:55:58 info: Incoming request GET /dishes/restaurant/6797d040128d21de27d958bb - Request ID: e5280058-7e01-4383-8456-ad0f0ef94c15
2025-02-02 14:56:28 info: Incoming request GET /dishes/restaurant/6797d040128d21de27d958bb - Request ID: 423f0e46-2dc6-4e0d-b0a8-a4feb550abab
2025-02-02 15:00:43 info: Incoming request GET /dishes/restaurant/6797d040128d21de27d958bb - Request ID: d64d1422-68a4-4265-a9a7-647d607a130e
2025-02-02 15:01:23 info: Incoming request GET /dishes/restaurant/6797d040128d21de27d958bb - Request ID: 86382032-2552-42ba-bfdd-f9324815f8b4
2025-02-02 15:02:24 info: Incoming request GET /dishes/restaurant/6797d040128d21de27d958bb - Request ID: 71bb1401-7b16-4356-bff1-cbbe28c8d1d7
2025-02-02 15:04:18 info: Incoming request POST /dishes - Request ID: dd5b472c-7d36-47e4-828f-c8040a7565bc
2025-02-02 15:06:09 info: Incoming request POST /dishes - Request ID: 8180ff5f-098d-4b3e-b91e-db3194f9ef3b
2025-02-02 15:06:14 info: Incoming request GET /dishes/restaurant/6797d040128d21de27d958bb - Request ID: 07b6ec86-63fd-41d6-86c7-1e9d4beaf3b5
2025-02-02 15:08:24 info: Incoming request GET /dishes/restaurant/6797d040128d21de27d958bb - Request ID: 0b9d729d-4785-4912-a125-c5af5f9b449a
2025-02-02 15:08:36 info: Incoming request GET /dishes/restaurant/6797d040128d21de27d958bb - Request ID: fb0c7abd-7f4f-41b0-bce6-5747fcd43b6f
2025-02-02 15:08:50 info: Incoming request PATCH /dishes/679f7bd12712177bc33eb43e - Request ID: b71fb4ea-c1cc-47a3-aa08-987a64fa6ccc
2025-02-02 15:08:56 info: Incoming request GET /dishes/restaurant/6797d040128d21de27d958bb - Request ID: adc8b774-834a-4fac-87d3-aecdae021f0b
2025-02-02 15:09:07 info: Incoming request PATCH /dishes/679f7bd12712177bc33eb43e - Request ID: 1875d914-a02b-4244-a973-20a5d1824a1c
2025-02-02 15:12:04 info: Incoming request GET /dishes/restaurant/6797d040128d21de27d958bb - Request ID: 7b0aedb2-cade-4cec-a62f-a1ecc4e74603
2025-02-02 15:12:06 info: Incoming request GET /dishes/restaurant/6797d040128d21de27d958bb - Request ID: 4e785f04-ca67-4401-be65-5f150d5084fa
2025-02-02 15:12:37 info: Incoming request POST /dishes - Request ID: 8162fa83-ae6b-47cc-8dcf-5ded2e84d057
2025-02-02 15:12:42 info: Incoming request PATCH /dishes/679f7bd12712177bc33eb43e - Request ID: 10e4c670-0312-458c-b173-1eade6e770b9
2025-02-02 15:16:30 info: Incoming request GET /dishes/restaurant/6797d040128d21de27d958bb - Request ID: c2cb0291-ba77-45fe-a04a-58001205a0fd
2025-02-02 15:16:58 info: Incoming request PATCH /dishes/679f7bd12712177bc33eb43e - Request ID: d8012be0-f8f8-4deb-bdc8-fc5d6803acd1
2025-02-02 15:17:55 info: Incoming request GET /dishes/restaurant/6797d040128d21de27d958bb - Request ID: f08db66f-8ec7-427c-b36f-b93a38b07a5d
2025-02-02 15:18:01 info: Incoming request PATCH /dishes/679f7bd12712177bc33eb43e - Request ID: 4d6d9a3d-0b2a-4a20-b9bd-565169437a0f
2025-02-02 15:18:21 info: Incoming request PATCH /dishes/679f7bd12712177bc33eb43e - Request ID: 56a158c2-7716-4b4e-ac46-e1954c71460e
2025-02-02 15:18:38 info: Incoming request GET /dishes/restaurant/6797d040128d21de27d958bb - Request ID: ffe6197c-a7ef-4dd2-bec2-d93d68c9a394
2025-02-02 15:18:43 info: Incoming request PATCH /dishes/679f7bd12712177bc33eb43e - Request ID: e5a0003e-1bdd-481e-82a9-a8f5523d7a6a
2025-02-02 15:19:18 info: Incoming request GET /dishes/restaurant/6797d040128d21de27d958bb - Request ID: bd16cb0f-f2ad-471c-85ba-ef25a4136a06
2025-02-02 15:19:25 info: Incoming request GET /dishes/restaurant/6797d040128d21de27d958bb - Request ID: 9dcb8c99-6486-4ac9-b1b3-17614d111da2
2025-02-02 15:19:31 info: Incoming request PATCH /dishes/679f7bd12712177bc33eb43e - Request ID: 23ad3c8e-a156-4da3-8ddb-8d9f600fcaa3
2025-02-02 15:19:37 info: Incoming request PATCH /dishes/679f7bd12712177bc33eb43e - Request ID: 91ce5779-908c-4535-9907-257def3fe073
2025-02-02 15:21:33 info: Incoming request GET /dishes/restaurant/6797d040128d21de27d958bb - Request ID: 705d6e79-c717-4736-a6df-790c71e16201
2025-02-02 15:22:14 info: Incoming request GET /dishes/restaurant/6797d040128d21de27d958bb - Request ID: adbe665e-f0f8-4799-9b5e-c9f62c2e2ac8
2025-02-02 15:22:35 info: Incoming request GET /dishes/restaurant/6797d040128d21de27d958bb - Request ID: bf47c0ba-9ec8-465f-911f-d44d73db5285
2025-02-02 15:22:52 info: Incoming request GET /dishes/restaurant/6797d040128d21de27d958bb - Request ID: f0ef324b-d6a2-4aa7-8270-0587c6a711e0
2025-02-02 15:23:02 info: Incoming request DELETE /dishes/679f7d552712177bc33eb448 - Request ID: e2d4b041-0175-4575-8e1e-092507c4f135
2025-02-02 15:24:49 info: Incoming request DELETE /dishes/679f7bd12712177bc33eb43e - Request ID: 8a67d3bb-46ac-484a-a715-7f4140e676fe
2025-02-02 15:24:55 info: Incoming request GET /dishes/restaurant/6797d040128d21de27d958bb - Request ID: ff3975f6-b01c-4d0d-9182-3156d3f8d636
2025-02-02 15:27:52 info: Incoming request GET /dishes/restaurant/6797d040128d21de27d958bb - Request ID: 728a1523-d979-488b-aa3f-73ccb18d6b00
